[00:03:48] [Server thread/INFO]: [tirbofish: Applied effect Levitation to tirbofish]
[00:16:40] [Server thread/INFO]: tirbofish lost connection: Disconnected
[00:16:40] [Server thread/INFO]: tirbofish left the game
[00:16:47] [User Authenticator #2/INFO]: UUID of player tirbofish is 0dda1347-446b-4402-976e-8de2fd4e827a
[00:16:47] [Server thread/INFO]: tirbofish[/127.0.0.1:38768] logged in with entity id 10200 at (27.866604802005405, 221.0, 18.09779791736009)
[00:16:47] [Server thread/INFO]: tirbofish joined the game
[00:16:50] [Server thread/INFO]: tirbofish lost connection: Disconnected
[00:16:50] [Server thread/INFO]: tirbofish left the game
[00:17:07] [Server thread/INFO]: Unknown or incomplete command. See below for error
[00:17:07] [Server thread/INFO]: quit<--[HERE]
[00:17:12] [Server thread/INFO]: Unknown or incomplete command. See below for error
[00:17:12] [Server thread/INFO]: save<--[HERE]
[00:17:22] [Server thread/INFO]: Saving the game (this may take a moment!)
[00:17:22] [Server thread/INFO]: Saved the game
[00:17:25] [Server thread/INFO]: Unknown or incomplete command. See below for error
[00:17:25] [Server thread/INFO]: exit<--[HERE]
[00:17:27] [Server thread/INFO]: Unknown or incomplete command. See below for error
[00:17:27] [Server thread/INFO]: quit<--[HERE]
[00:17:28] [Server thread/INFO]: Unknown or incomplete command. See below for error
[00:17:28] [Server thread/INFO]: q<--[HERE]
[00:17:46] [Server thread/INFO]: Stopping the server
[00:17:46] [Server thread/INFO]: Stopping server
[00:17:46] [Server thread/INFO]: Saving players
[00:17:46] [Server thread/INFO]: Saving worlds
[00:17:46] [Server thread/INFO]: Saving chunks for level 'ServerLevel[world]'/minecraft:overworld
[00:17:46] [Server thread/INFO]: Saving chunks for level 'ServerLevel[world]'/minecraft:the_nether
[00:17:46] [Server thread/INFO]: Saving chunks for level 'ServerLevel[world]'/minecraft:the_end
[00:17:46] [Server thread/INFO]: ThreadedAnvilChunkStorage (world): All chunks are saved
[00:17:46] [Server thread/INFO]: ThreadedAnvilChunkStorage (DIM-1): All chunks are saved
[00:17:46] [Server thread/INFO]: ThreadedAnvilChunkStorage (DIM1): All chunks are saved
[00:17:46] [Server thread/INFO]: ThreadedAnvilChunkStorage: All dimensions are saved
